{"/Users/marvin/Projects/InterviewPrep/projects/data-theorem-pager/src/components/Pager/SupportForm.js": {"path":"/Users/marvin/Projects/InterviewPrep/projects/data-theorem-pager/src/components/Pager/SupportForm.js","statementMap":{"0":{"start":{"line":8,"column":21},"end":{"line":11,"column":3}},"1":{"start":{"line":13,"column":10},"end":{"line":19,"column":3}},"2":{"start":{"line":21,"column":13},"end":{"line":24,"column":3}},"3":{"start":{"line":22,"column":4},"end":{"line":22,"column":23}},"4":{"start":{"line":23,"column":4},"end":{"line":23,"column":39}},"5":{"start":{"line":26,"column":15},"end":{"line":30,"column":3}},"6":{"start":{"line":27,"column":4},"end":{"line":29,"column":5}},"7":{"start":{"line":28,"column":6},"end":{"line":28,"column":25}},"8":{"start":{"line":32,"column":13},"end":{"line":36,"column":3}},"9":{"start":{"line":33,"column":4},"end":{"line":35,"column":7}},"10":{"start":{"line":38,"column":17},"end":{"line":75,"column":3}},"11":{"start":{"line":39,"column":4},"end":{"line":74,"column":5}},"12":{"start":{"line":40,"column":36},"end":{"line":40,"column":46}},"13":{"start":{"line":42,"column":6},"end":{"line":73,"column":11}},"14":{"start":{"line":48,"column":10},"end":{"line":56,"column":11}},"15":{"start":{"line":49,"column":12},"end":{"line":55,"column":15}},"16":{"start":{"line":58,"column":10},"end":{"line":60,"column":11}},"17":{"start":{"line":59,"column":12},"end":{"line":59,"column":30}},"18":{"start":{"line":63,"column":10},"end":{"line":67,"column":11}},"19":{"start":{"line":64,"column":12},"end":{"line":66,"column":15}},"20":{"start":{"line":70,"column":10},"end":{"line":72,"column":44}},"21":{"start":{"line":72,"column":19},"end":{"line":72,"column":42}},"22":{"start":{"line":78,"column":67},"end":{"line":78,"column":77}},"23":{"start":{"line":79,"column":35},"end":{"line":79,"column":45}},"24":{"start":{"line":81,"column":4},"end":{"line":157,"column":6}},"25":{"start":{"line":113,"column":31},"end":{"line":113,"column":55}},"26":{"start":{"line":127,"column":31},"end":{"line":127,"column":56}},"27":{"start":{"line":140,"column":31},"end":{"line":140,"column":58}}},"fnMap":{"0":{"name":"(anonymous_0)","decl":{"start":{"line":21,"column":13},"end":{"line":21,"column":14}},"loc":{"start":{"line":21,"column":20},"end":{"line":24,"column":3}},"line":21},"1":{"name":"(anonymous_1)","decl":{"start":{"line":26,"column":15},"end":{"line":26,"column":16}},"loc":{"start":{"line":26,"column":22},"end":{"line":30,"column":3}},"line":26},"2":{"name":"(anonymous_2)","decl":{"start":{"line":32,"column":13},"end":{"line":32,"column":14}},"loc":{"start":{"line":32,"column":25},"end":{"line":36,"column":3}},"line":32},"3":{"name":"(anonymous_3)","decl":{"start":{"line":38,"column":17},"end":{"line":38,"column":18}},"loc":{"start":{"line":38,"column":47},"end":{"line":75,"column":3}},"line":38},"4":{"name":"(anonymous_4)","decl":{"start":{"line":47,"column":14},"end":{"line":47,"column":15}},"loc":{"start":{"line":47,"column":23},"end":{"line":61,"column":9}},"line":47},"5":{"name":"(anonymous_5)","decl":{"start":{"line":62,"column":14},"end":{"line":62,"column":15}},"loc":{"start":{"line":62,"column":24},"end":{"line":68,"column":9}},"line":62},"6":{"name":"(anonymous_6)","decl":{"start":{"line":69,"column":15},"end":{"line":69,"column":16}},"loc":{"start":{"line":69,"column":22},"end":{"line":73,"column":9}},"line":69},"7":{"name":"(anonymous_7)","decl":{"start":{"line":72,"column":13},"end":{"line":72,"column":14}},"loc":{"start":{"line":72,"column":19},"end":{"line":72,"column":42}},"line":72},"8":{"name":"(anonymous_8)","decl":{"start":{"line":77,"column":2},"end":{"line":77,"column":3}},"loc":{"start":{"line":77,"column":12},"end":{"line":158,"column":3}},"line":77},"9":{"name":"(anonymous_9)","decl":{"start":{"line":113,"column":24},"end":{"line":113,"column":25}},"loc":{"start":{"line":113,"column":31},"end":{"line":113,"column":55}},"line":113},"10":{"name":"(anonymous_10)","decl":{"start":{"line":127,"column":24},"end":{"line":127,"column":25}},"loc":{"start":{"line":127,"column":31},"end":{"line":127,"column":56}},"line":127},"11":{"name":"(anonymous_11)","decl":{"start":{"line":140,"column":24},"end":{"line":140,"column":25}},"loc":{"start":{"line":140,"column":31},"end":{"line":140,"column":58}},"line":140}},"branchMap":{"0":{"loc":{"start":{"line":27,"column":4},"end":{"line":29,"column":5}},"type":"if","locations":[{"start":{"line":27,"column":4},"end":{"line":29,"column":5}},{"start":{"line":27,"column":4},"end":{"line":29,"column":5}}],"line":27},"1":{"loc":{"start":{"line":39,"column":4},"end":{"line":74,"column":5}},"type":"if","locations":[{"start":{"line":39,"column":4},"end":{"line":74,"column":5}},{"start":{"line":39,"column":4},"end":{"line":74,"column":5}}],"line":39},"2":{"loc":{"start":{"line":39,"column":8},"end":{"line":39,"column":32}},"type":"binary-expr","locations":[{"start":{"line":39,"column":8},"end":{"line":39,"column":12}},{"start":{"line":39,"column":16},"end":{"line":39,"column":21}},{"start":{"line":39,"column":25},"end":{"line":39,"column":32}}],"line":39},"3":{"loc":{"start":{"line":48,"column":10},"end":{"line":56,"column":11}},"type":"if","locations":[{"start":{"line":48,"column":10},"end":{"line":56,"column":11}},{"start":{"line":48,"column":10},"end":{"line":56,"column":11}}],"line":48},"4":{"loc":{"start":{"line":58,"column":10},"end":{"line":60,"column":11}},"type":"if","locations":[{"start":{"line":58,"column":10},"end":{"line":60,"column":11}},{"start":{"line":58,"column":10},"end":{"line":60,"column":11}}],"line":58},"5":{"loc":{"start":{"line":63,"column":10},"end":{"line":67,"column":11}},"type":"if","locations":[{"start":{"line":63,"column":10},"end":{"line":67,"column":11}},{"start":{"line":63,"column":10},"end":{"line":67,"column":11}}],"line":63},"6":{"loc":{"start":{"line":63,"column":14},"end":{"line":63,"column":34}},"type":"binary-expr","locations":[{"start":{"line":63,"column":14},"end":{"line":63,"column":18}},{"start":{"line":63,"column":22},"end":{"line":63,"column":34}}],"line":63},"7":{"loc":{"start":{"line":65,"column":28},"end":{"line":65,"column":85}},"type":"binary-expr","locations":[{"start":{"line":65,"column":28},"end":{"line":65,"column":40}},{"start":{"line":65,"column":44},"end":{"line":65,"column":85}}],"line":65},"8":{"loc":{"start":{"line":91,"column":11},"end":{"line":97,"column":11}},"type":"binary-expr","locations":[{"start":{"line":91,"column":11},"end":{"line":91,"column":25}},{"start":{"line":92,"column":12},"end":{"line":96,"column":18}}],"line":91},"9":{"loc":{"start":{"line":98,"column":11},"end":{"line":104,"column":11}},"type":"binary-expr","locations":[{"start":{"line":98,"column":11},"end":{"line":98,"column":23}},{"start":{"line":99,"column":12},"end":{"line":103,"column":18}}],"line":98},"10":{"loc":{"start":{"line":150,"column":24},"end":{"line":150,"column":51}},"type":"binary-expr","locations":[{"start":{"line":150,"column":24},"end":{"line":150,"column":29}},{"start":{"line":150,"column":33},"end":{"line":150,"column":39}},{"start":{"line":150,"column":43},"end":{"line":150,"column":51}}],"line":150}},"s":{"0":2,"1":8,"2":8,"3":1,"4":1,"5":8,"6":1,"7":1,"8":8,"9":3,"10":8,"11":1,"12":0,"13":0,"14":0,"15":0,"16":0,"17":0,"18":0,"19":0,"20":0,"21":0,"22":12,"23":12,"24":12,"25":1,"26":1,"27":1},"f":{"0":1,"1":1,"2":3,"3":1,"4":0,"5":0,"6":0,"7":0,"8":12,"9":1,"10":1,"11":1},"b":{"0":[1,0],"1":[0,1],"2":[1,0,0],"3":[0,0],"4":[0,0],"5":[0,0],"6":[0,0],"7":[0,0],"8":[12,0],"9":[12,0],"10":[12,1,0]},"_coverageSchema":"43e27e138ebf9cfc5966b082cf9a028302ed4184","hash":"962f62e87eb8b8d33c3c67c7f059bee7ea7f6d2c"}
,"/Users/marvin/Projects/InterviewPrep/projects/data-theorem-pager/src/components/Pager/index.js": {"path":"/Users/marvin/Projects/InterviewPrep/projects/data-theorem-pager/src/components/Pager/index.js","statementMap":{"0":{"start":{"line":7,"column":16},"end":{"line":7,"column":17}},"1":{"start":{"line":8,"column":16},"end":{"line":8,"column":18}},"2":{"start":{"line":12,"column":21},"end":{"line":18,"column":3}},"3":{"start":{"line":20,"column":24},"end":{"line":23,"column":3}},"4":{"start":{"line":25,"column":10},"end":{"line":32,"column":3}},"5":{"start":{"line":35,"column":42},"end":{"line":35,"column":52}},"6":{"start":{"line":37,"column":4},"end":{"line":37,"column":68}},"7":{"start":{"line":37,"column":55},"end":{"line":37,"column":68}},"8":{"start":{"line":38,"column":4},"end":{"line":38,"column":24}},"9":{"start":{"line":39,"column":4},"end":{"line":39,"column":24}},"10":{"start":{"line":43,"column":4},"end":{"line":43,"column":25}},"11":{"start":{"line":46,"column":21},"end":{"line":50,"column":3}},"12":{"start":{"line":47,"column":26},"end":{"line":47,"column":36}},"13":{"start":{"line":48,"column":25},"end":{"line":48,"column":35}},"14":{"start":{"line":49,"column":4},"end":{"line":49,"column":31}},"15":{"start":{"line":52,"column":15},"end":{"line":55,"column":3}},"16":{"start":{"line":53,"column":32},"end":{"line":53,"column":42}},"17":{"start":{"line":54,"column":4},"end":{"line":54,"column":53}},"18":{"start":{"line":54,"column":37},"end":{"line":54,"column":50}},"19":{"start":{"line":57,"column":15},"end":{"line":59,"column":3}},"20":{"start":{"line":58,"column":4},"end":{"line":58,"column":28}},"21":{"start":{"line":61,"column":11},"end":{"line":63,"column":3}},"22":{"start":{"line":62,"column":4},"end":{"line":62,"column":28}},"23":{"start":{"line":65,"column":14},"end":{"line":73,"column":3}},"24":{"start":{"line":66,"column":22},"end":{"line":66,"column":54}},"25":{"start":{"line":68,"column":4},"end":{"line":72,"column":5}},"26":{"start":{"line":69,"column":6},"end":{"line":71,"column":28}},"27":{"start":{"line":75,"column":22},"end":{"line":82,"column":3}},"28":{"start":{"line":76,"column":34},"end":{"line":76,"column":44}},"29":{"start":{"line":78,"column":4},"end":{"line":78,"column":41}},"30":{"start":{"line":78,"column":28},"end":{"line":78,"column":41}},"31":{"start":{"line":79,"column":4},"end":{"line":81,"column":7}},"32":{"start":{"line":84,"column":23},"end":{"line":88,"column":3}},"33":{"start":{"line":85,"column":4},"end":{"line":87,"column":7}},"34":{"start":{"line":90,"column":18},"end":{"line":94,"column":3}},"35":{"start":{"line":91,"column":23},"end":{"line":91,"column":39}},"36":{"start":{"line":92,"column":14},"end":{"line":92,"column":38}},"37":{"start":{"line":93,"column":4},"end":{"line":93,"column":65}},"38":{"start":{"line":96,"column":14},"end":{"line":107,"column":3}},"39":{"start":{"line":97,"column":22},"end":{"line":97,"column":32}},"40":{"start":{"line":99,"column":4},"end":{"line":106,"column":26}},"41":{"start":{"line":100,"column":27},"end":{"line":100,"column":86}},"42":{"start":{"line":101,"column":22},"end":{"line":101,"column":41}},"43":{"start":{"line":102,"column":6},"end":{"line":105,"column":7}},"44":{"start":{"line":109,"column":17},"end":{"line":138,"column":3}},"45":{"start":{"line":110,"column":4},"end":{"line":137,"column":7}},"46":{"start":{"line":114,"column":30},"end":{"line":114,"column":40}},"47":{"start":{"line":115,"column":24},"end":{"line":115,"column":47}},"48":{"start":{"line":117,"column":6},"end":{"line":136,"column":7}},"49":{"start":{"line":118,"column":8},"end":{"line":135,"column":13}},"50":{"start":{"line":120,"column":12},"end":{"line":125,"column":13}},"51":{"start":{"line":121,"column":14},"end":{"line":124,"column":17}},"52":{"start":{"line":128,"column":12},"end":{"line":134,"column":13}},"53":{"start":{"line":129,"column":14},"end":{"line":133,"column":17}},"54":{"start":{"line":141,"column":45},"end":{"line":141,"column":55}},"55":{"start":{"line":142,"column":62},"end":{"line":142,"column":72}},"56":{"start":{"line":143,"column":17},"end":{"line":143,"column":33}},"57":{"start":{"line":145,"column":4},"end":{"line":164,"column":6}}},"fnMap":{"0":{"name":"(anonymous_0)","decl":{"start":{"line":34,"column":2},"end":{"line":34,"column":3}},"loc":{"start":{"line":34,"column":23},"end":{"line":40,"column":3}},"line":34},"1":{"name":"(anonymous_1)","decl":{"start":{"line":42,"column":2},"end":{"line":42,"column":3}},"loc":{"start":{"line":42,"column":26},"end":{"line":44,"column":3}},"line":42},"2":{"name":"(anonymous_2)","decl":{"start":{"line":46,"column":21},"end":{"line":46,"column":22}},"loc":{"start":{"line":46,"column":27},"end":{"line":50,"column":3}},"line":46},"3":{"name":"(anonymous_3)","decl":{"start":{"line":52,"column":15},"end":{"line":52,"column":16}},"loc":{"start":{"line":52,"column":21},"end":{"line":55,"column":3}},"line":52},"4":{"name":"(anonymous_4)","decl":{"start":{"line":54,"column":21},"end":{"line":54,"column":22}},"loc":{"start":{"line":54,"column":37},"end":{"line":54,"column":50}},"line":54},"5":{"name":"(anonymous_5)","decl":{"start":{"line":57,"column":15},"end":{"line":57,"column":16}},"loc":{"start":{"line":57,"column":21},"end":{"line":59,"column":3}},"line":57},"6":{"name":"(anonymous_6)","decl":{"start":{"line":61,"column":11},"end":{"line":61,"column":12}},"loc":{"start":{"line":61,"column":17},"end":{"line":63,"column":3}},"line":61},"7":{"name":"(anonymous_7)","decl":{"start":{"line":65,"column":14},"end":{"line":65,"column":15}},"loc":{"start":{"line":65,"column":25},"end":{"line":73,"column":3}},"line":65},"8":{"name":"(anonymous_8)","decl":{"start":{"line":75,"column":22},"end":{"line":75,"column":23}},"loc":{"start":{"line":75,"column":28},"end":{"line":82,"column":3}},"line":75},"9":{"name":"(anonymous_9)","decl":{"start":{"line":84,"column":23},"end":{"line":84,"column":24}},"loc":{"start":{"line":84,"column":29},"end":{"line":88,"column":3}},"line":84},"10":{"name":"(anonymous_10)","decl":{"start":{"line":90,"column":18},"end":{"line":90,"column":19}},"loc":{"start":{"line":90,"column":50},"end":{"line":94,"column":3}},"line":90},"11":{"name":"(anonymous_11)","decl":{"start":{"line":96,"column":14},"end":{"line":96,"column":15}},"loc":{"start":{"line":96,"column":24},"end":{"line":107,"column":3}},"line":96},"12":{"name":"(anonymous_12)","decl":{"start":{"line":99,"column":18},"end":{"line":99,"column":19}},"loc":{"start":{"line":99,"column":33},"end":{"line":106,"column":5}},"line":99},"13":{"name":"(anonymous_13)","decl":{"start":{"line":109,"column":17},"end":{"line":109,"column":18}},"loc":{"start":{"line":109,"column":23},"end":{"line":138,"column":3}},"line":109},"14":{"name":"(anonymous_14)","decl":{"start":{"line":113,"column":7},"end":{"line":113,"column":8}},"loc":{"start":{"line":113,"column":13},"end":{"line":137,"column":5}},"line":113},"15":{"name":"(anonymous_15)","decl":{"start":{"line":119,"column":16},"end":{"line":119,"column":17}},"loc":{"start":{"line":119,"column":30},"end":{"line":126,"column":11}},"line":119},"16":{"name":"(anonymous_16)","decl":{"start":{"line":127,"column":17},"end":{"line":127,"column":18}},"loc":{"start":{"line":127,"column":28},"end":{"line":135,"column":11}},"line":127},"17":{"name":"(anonymous_17)","decl":{"start":{"line":140,"column":2},"end":{"line":140,"column":3}},"loc":{"start":{"line":140,"column":12},"end":{"line":165,"column":3}},"line":140}},"branchMap":{"0":{"loc":{"start":{"line":37,"column":4},"end":{"line":37,"column":68}},"type":"if","locations":[{"start":{"line":37,"column":4},"end":{"line":37,"column":68}},{"start":{"line":37,"column":4},"end":{"line":37,"column":68}}],"line":37},"1":{"loc":{"start":{"line":37,"column":8},"end":{"line":37,"column":53}},"type":"binary-expr","locations":[{"start":{"line":37,"column":8},"end":{"line":37,"column":17}},{"start":{"line":37,"column":21},"end":{"line":37,"column":27}},{"start":{"line":37,"column":31},"end":{"line":37,"column":40}},{"start":{"line":37,"column":44},"end":{"line":37,"column":53}}],"line":37},"2":{"loc":{"start":{"line":68,"column":4},"end":{"line":72,"column":5}},"type":"if","locations":[{"start":{"line":68,"column":4},"end":{"line":72,"column":5}},{"start":{"line":68,"column":4},"end":{"line":72,"column":5}}],"line":68},"3":{"loc":{"start":{"line":78,"column":4},"end":{"line":78,"column":41}},"type":"if","locations":[{"start":{"line":78,"column":4},"end":{"line":78,"column":41}},{"start":{"line":78,"column":4},"end":{"line":78,"column":41}}],"line":78},"4":{"loc":{"start":{"line":93,"column":11},"end":{"line":93,"column":64}},"type":"cond-expr","locations":[{"start":{"line":93,"column":21},"end":{"line":93,"column":24}},{"start":{"line":93,"column":27},"end":{"line":93,"column":64}}],"line":93},"5":{"loc":{"start":{"line":117,"column":6},"end":{"line":136,"column":7}},"type":"if","locations":[{"start":{"line":117,"column":6},"end":{"line":136,"column":7}},{"start":{"line":117,"column":6},"end":{"line":136,"column":7}}],"line":117},"6":{"loc":{"start":{"line":117,"column":10},"end":{"line":117,"column":34}},"type":"binary-expr","locations":[{"start":{"line":117,"column":10},"end":{"line":117,"column":21}},{"start":{"line":117,"column":25},"end":{"line":117,"column":34}}],"line":117},"7":{"loc":{"start":{"line":120,"column":12},"end":{"line":125,"column":13}},"type":"if","locations":[{"start":{"line":120,"column":12},"end":{"line":125,"column":13}},{"start":{"line":120,"column":12},"end":{"line":125,"column":13}}],"line":120},"8":{"loc":{"start":{"line":120,"column":16},"end":{"line":120,"column":40}},"type":"binary-expr","locations":[{"start":{"line":120,"column":16},"end":{"line":120,"column":28}},{"start":{"line":120,"column":32},"end":{"line":120,"column":40}}],"line":120},"9":{"loc":{"start":{"line":128,"column":12},"end":{"line":134,"column":13}},"type":"if","locations":[{"start":{"line":128,"column":12},"end":{"line":134,"column":13}},{"start":{"line":128,"column":12},"end":{"line":134,"column":13}}],"line":128},"10":{"loc":{"start":{"line":157,"column":9},"end":{"line":162,"column":9}},"type":"binary-expr","locations":[{"start":{"line":157,"column":9},"end":{"line":157,"column":26}},{"start":{"line":158,"column":10},"end":{"line":161,"column":12}}],"line":157}},"s":{"0":1,"1":1,"2":1,"3":1,"4":3,"5":3,"6":3,"7":0,"8":3,"9":3,"10":0,"11":3,"12":29,"13":29,"14":29,"15":3,"16":22,"17":22,"18":66,"19":3,"20":2,"21":3,"22":2,"23":3,"24":0,"25":0,"26":0,"27":3,"28":1,"29":1,"30":0,"31":1,"32":3,"33":0,"34":3,"35":4,"36":4,"37":4,"38":3,"39":4,"40":4,"41":4,"42":4,"43":4,"44":3,"45":7,"46":7,"47":7,"48":7,"49":7,"50":7,"51":7,"52":0,"53":0,"54":22,"55":22,"56":22,"57":22},"f":{"0":3,"1":0,"2":29,"3":22,"4":66,"5":2,"6":2,"7":0,"8":1,"9":0,"10":4,"11":4,"12":4,"13":7,"14":7,"15":7,"16":0,"17":22},"b":{"0":[0,3],"1":[3,3,3,3],"2":[0,0],"3":[0,1],"4":[1,3],"5":[7,0],"6":[7,7],"7":[7,0],"8":[7,7],"9":[0,0],"10":[22,2]},"_coverageSchema":"43e27e138ebf9cfc5966b082cf9a028302ed4184","hash":"fa19d73d0e576a3b0bbfff6779e5e2241804ae28"}
}
