TN:
SF:/Users/marvin/Projects/InterviewPrep/projects/data-theorem-pager/src/components/Pager/SupportForm.js
FN:21,(anonymous_0)
FN:26,(anonymous_1)
FN:32,(anonymous_2)
FN:38,(anonymous_3)
FN:47,(anonymous_4)
FN:62,(anonymous_5)
FN:69,(anonymous_6)
FN:72,(anonymous_7)
FN:77,(anonymous_8)
FN:113,(anonymous_9)
FN:127,(anonymous_10)
FN:140,(anonymous_11)
FNF:12
FNH:8
FNDA:1,(anonymous_0)
FNDA:1,(anonymous_1)
FNDA:3,(anonymous_2)
FNDA:1,(anonymous_3)
FNDA:0,(anonymous_4)
FNDA:0,(anonymous_5)
FNDA:0,(anonymous_6)
FNDA:0,(anonymous_7)
FNDA:12,(anonymous_8)
FNDA:1,(anonymous_9)
FNDA:1,(anonymous_10)
FNDA:1,(anonymous_11)
DA:8,2
DA:13,8
DA:21,8
DA:22,1
DA:23,1
DA:26,8
DA:27,1
DA:28,1
DA:32,8
DA:33,3
DA:38,8
DA:39,1
DA:40,0
DA:42,0
DA:48,0
DA:49,0
DA:58,0
DA:59,0
DA:63,0
DA:64,0
DA:70,0
DA:72,0
DA:78,12
DA:79,12
DA:81,12
DA:113,1
DA:127,1
DA:140,1
LF:28
LH:18
BRDA:27,0,0,1
BRDA:27,0,1,0
BRDA:39,1,0,0
BRDA:39,1,1,1
BRDA:39,2,0,1
BRDA:39,2,1,0
BRDA:39,2,2,0
BRDA:48,3,0,0
BRDA:48,3,1,0
BRDA:58,4,0,0
BRDA:58,4,1,0
BRDA:63,5,0,0
BRDA:63,5,1,0
BRDA:63,6,0,0
BRDA:63,6,1,0
BRDA:65,7,0,0
BRDA:65,7,1,0
BRDA:91,8,0,12
BRDA:91,8,1,0
BRDA:98,9,0,12
BRDA:98,9,1,0
BRDA:150,10,0,12
BRDA:150,10,1,1
BRDA:150,10,2,0
BRF:24
BRH:7
end_of_record
TN:
SF:/Users/marvin/Projects/InterviewPrep/projects/data-theorem-pager/src/components/Pager/index.js
FN:34,(anonymous_0)
FN:42,(anonymous_1)
FN:46,(anonymous_2)
FN:52,(anonymous_3)
FN:54,(anonymous_4)
FN:57,(anonymous_5)
FN:61,(anonymous_6)
FN:65,(anonymous_7)
FN:75,(anonymous_8)
FN:84,(anonymous_9)
FN:90,(anonymous_10)
FN:96,(anonymous_11)
FN:99,(anonymous_12)
FN:109,(anonymous_13)
FN:113,(anonymous_14)
FN:119,(anonymous_15)
FN:127,(anonymous_16)
FN:140,(anonymous_17)
FNF:18
FNH:14
FNDA:3,(anonymous_0)
FNDA:0,(anonymous_1)
FNDA:29,(anonymous_2)
FNDA:22,(anonymous_3)
FNDA:66,(anonymous_4)
FNDA:2,(anonymous_5)
FNDA:2,(anonymous_6)
FNDA:0,(anonymous_7)
FNDA:1,(anonymous_8)
FNDA:0,(anonymous_9)
FNDA:4,(anonymous_10)
FNDA:4,(anonymous_11)
FNDA:4,(anonymous_12)
FNDA:7,(anonymous_13)
FNDA:7,(anonymous_14)
FNDA:7,(anonymous_15)
FNDA:0,(anonymous_16)
FNDA:22,(anonymous_17)
DA:7,1
DA:8,1
DA:12,1
DA:20,1
DA:25,3
DA:35,3
DA:37,3
DA:38,3
DA:39,3
DA:43,0
DA:46,3
DA:47,29
DA:48,29
DA:49,29
DA:52,3
DA:53,22
DA:54,66
DA:57,3
DA:58,2
DA:61,3
DA:62,2
DA:65,3
DA:66,0
DA:68,0
DA:69,0
DA:75,3
DA:76,1
DA:78,1
DA:79,1
DA:84,3
DA:85,0
DA:90,3
DA:91,4
DA:92,4
DA:93,4
DA:96,3
DA:97,4
DA:99,4
DA:100,4
DA:101,4
DA:102,4
DA:109,3
DA:110,7
DA:114,7
DA:115,7
DA:117,7
DA:118,7
DA:120,7
DA:121,7
DA:128,0
DA:129,0
DA:141,22
DA:142,22
DA:143,22
DA:145,22
LF:55
LH:48
BRDA:37,0,0,0
BRDA:37,0,1,3
BRDA:37,1,0,3
BRDA:37,1,1,3
BRDA:37,1,2,3
BRDA:37,1,3,3
BRDA:68,2,0,0
BRDA:68,2,1,0
BRDA:78,3,0,0
BRDA:78,3,1,1
BRDA:93,4,0,1
BRDA:93,4,1,3
BRDA:117,5,0,7
BRDA:117,5,1,0
BRDA:117,6,0,7
BRDA:117,6,1,7
BRDA:120,7,0,7
BRDA:120,7,1,0
BRDA:120,8,0,7
BRDA:120,8,1,7
BRDA:128,9,0,0
BRDA:128,9,1,0
BRDA:157,10,0,22
BRDA:157,10,1,2
BRF:24
BRH:16
end_of_record
